mode: set
github.com/prayogsuns/go-programming/code_samples/010-ninja-level-thirteen/02/01-code-starting/word/main.go:7.40,10.23 3 1
github.com/prayogsuns/go-programming/code_samples/010-ninja-level-thirteen/02/01-code-starting/word/main.go:13.2,13.10 1 1
github.com/prayogsuns/go-programming/code_samples/010-ninja-level-thirteen/02/01-code-starting/word/main.go:10.23,12.3 1 1
github.com/prayogsuns/go-programming/code_samples/010-ninja-level-thirteen/02/01-code-starting/word/main.go:16.26,20.2 2 1
